# JRE version: OpenJDK Runtime Environment (8.0_152-b06) (build 1.8.0_152-release-1136-b06)
# Java VM: OpenJDK 64-Bit Server VM (25.152-b06 mixed mode windows-amd64 compressed oops)
Heap:
 PSYoungGen      total 409088K, used 194122K [0x00000000e0000000, 0x00000000fb300000, 0x0000000100000000)
  eden space 375296K, 48% used [0x00000000e0000000,0x00000000eb0e51b0,0x00000000f6e80000)
  from space 33792K, 38% used [0x00000000f8e00000,0x00000000f9aad8d0,0x00000000faf00000)
  to   space 32256K, 0% used [0x00000000f6e80000,0x00000000f6e80000,0x00000000f8e00000)
 ParOldGen       total 418816K, used 285622K [0x00000000a0000000, 0x00000000b9900000, 0x00000000e0000000)
  object space 418816K, 68% used [0x00000000a0000000,0x00000000b16ed8e0,0x00000000b9900000)
 Metaspace       used 81141K, capacity 84624K, committed 84756K, reserved 1122304K
  class space    used 10454K, capacity 11221K, committed 11324K, reserved 1048576K
GC Heap History (10 events):
Event: 1276.653 GC heap before
{Heap before GC invocations=18 (full 3):
 PSYoungGen      total 275968K, used 275946K [0x00000000e0000000, 0x00000000f3000000, 0x0000000100000000)
  eden space 250880K, 100% used [0x00000000e0000000,0x00000000ef500000,0x00000000ef500000)
  from space 25088K, 99% used [0x00000000f1500000,0x00000000f2d7a800,0x00000000f2d80000)
  to   space 30208K, 0% used [0x00000000ef500000,0x00000000ef500000,0x00000000f1280000)
 ParOldGen       total 133632K, used 35866K [0x00000000a0000000, 0x00000000a8280000, 0x00000000e0000000)
  object space 133632K, 26% used [0x00000000a0000000,0x00000000a2306810,0x00000000a8280000)
 Metaspace       used 72058K, capacity 74956K, committed 75028K, reserved 1114112K
  class space    used 9364K, capacity 10029K, committed 10044K, reserved 1048576K
Event: 1276.709 GC heap after
Heap after GC invocations=18 (full 3):
 PSYoungGen      total 281088K, used 9346K [0x00000000e0000000, 0x00000000f6400000, 0x0000000100000000)
  eden space 250880K, 0% used [0x00000000e0000000,0x00000000e0000000,0x00000000ef500000)
  from space 30208K, 30% used [0x00000000ef500000,0x00000000efe20a48,0x00000000f1280000)
  to   space 29184K, 0% used [0x00000000f4780000,0x00000000f4780000,0x00000000f6400000)
 ParOldGen       total 133632K, used 53413K [0x00000000a0000000, 0x00000000a8280000, 0x00000000e0000000)
  object space 133632K, 39% used [0x00000000a0000000,0x00000000a3429780,0x00000000a8280000)
 Metaspace       used 72058K, capacity 74956K, committed 75028K, reserved 1114112K
  class space    used 9364K, capacity 10029K, committed 10044K, reserved 1048576K
}
Event: 1281.801 GC heap before
{Heap before GC invocations=19 (full 3):
 PSYoungGen      total 281088K, used 256933K [0x00000000e0000000, 0x00000000f6400000, 0x0000000100000000)
  eden space 250880K, 98% used [0x00000000e0000000,0x00000000ef1c8cd0,0x00000000ef500000)
  from space 30208K, 30% used [0x00000000ef500000,0x00000000efe20a48,0x00000000f1280000)
  to   space 29184K, 0% used [0x00000000f4780000,0x00000000f4780000,0x00000000f6400000)
 ParOldGen       total 133632K, used 53413K [0x00000000a0000000, 0x00000000a8280000, 0x00000000e0000000)
  object space 133632K, 39% used [0x00000000a0000000,0x00000000a3429780,0x00000000a8280000)
 Metaspace       used 78792K, capacity 81868K, committed 82068K, reserved 1120256K
  class space    used 10142K, capacity 10859K, committed 10940K, reserved 1048576K
Event: 1281.833 GC heap after
Heap after GC invocations=19 (full 3):
 PSYoungGen      total 330240K, used 18458K [0x00000000e0000000, 0x00000000f6200000, 0x0000000100000000)
  eden space 303104K, 0% used [0x00000000e0000000,0x00000000e0000000,0x00000000f2800000)
  from space 27136K, 68% used [0x00000000f4780000,0x00000000f59869e8,0x00000000f6200000)
  to   space 29696K, 0% used [0x00000000f2800000,0x00000000f2800000,0x00000000f4500000)
 ParOldGen       total 133632K, used 53421K [0x00000000a0000000, 0x00000000a8280000, 0x00000000e0000000)
  object space 133632K, 39% used [0x00000000a0000000,0x00000000a342b780,0x00000000a8280000)
 Metaspace       used 78792K, capacity 81868K, committed 82068K, reserved 1120256K
  class space    used 10142K, capacity 10859K, committed 10940K, reserved 1048576K
}
Event: 1283.975 GC heap before
{Heap before GC invocations=20 (full 3):
 PSYoungGen      total 330240K, used 273122K [0x00000000e0000000, 0x00000000f6200000, 0x0000000100000000)
  eden space 303104K, 84% used [0x00000000e0000000,0x00000000ef8b21b8,0x00000000f2800000)
  from space 27136K, 68% used [0x00000000f4780000,0x00000000f59869e8,0x00000000f6200000)
  to   space 29696K, 0% used [0x00000000f2800000,0x00000000f2800000,0x00000000f4500000)
 ParOldGen       total 133632K, used 53421K [0x00000000a0000000, 0x00000000a8280000, 0x00000000e0000000)
  object space 133632K, 39% used [0x00000000a0000000,0x00000000a342b780,0x00000000a8280000)
 Metaspace       used 78879K, capacity 81906K, committed 82068K, reserved 1120256K
  class space    used 10152K, capacity 10866K, committed 10940K, reserved 1048576K
Event: 1284.124 GC heap after
Heap after GC invocations=20 (full 3):
 PSYoungGen      total 332800K, used 29248K [0x00000000e0000000, 0x00000000faf00000, 0x0000000100000000)
  eden space 303104K, 0% used [0x00000000e0000000,0x00000000e0000000,0x00000000f2800000)
  from space 29696K, 98% used [0x00000000f2800000,0x00000000f4490300,0x00000000f4500000)
  to   space 33792K, 0% used [0x00000000f8e00000,0x00000000f8e00000,0x00000000faf00000)
 ParOldGen       total 291840K, used 244062K [0x00000000a0000000, 0x00000000b1d00000, 0x00000000e0000000)
  object space 291840K, 83% used [0x00000000a0000000,0x00000000aee57be8,0x00000000b1d00000)
 Metaspace       used 78879K, capacity 81906K, committed 82068K, reserved 1120256K
  class space    used 10152K, capacity 10866K, committed 10940K, reserved 1048576K
}
Event: 1284.124 GC heap before
{Heap before GC invocations=21 (full 4):
 PSYoungGen      total 332800K, used 29248K [0x00000000e0000000, 0x00000000faf00000, 0x0000000100000000)
  eden space 303104K, 0% used [0x00000000e0000000,0x00000000e0000000,0x00000000f2800000)
  from space 29696K, 98% used [0x00000000f2800000,0x00000000f4490300,0x00000000f4500000)
  to   space 33792K, 0% used [0x00000000f8e00000,0x00000000f8e00000,0x00000000faf00000)
 ParOldGen       total 291840K, used 244062K [0x00000000a0000000, 0x00000000b1d00000, 0x00000000e0000000)
  object space 291840K, 83% used [0x00000000a0000000,0x00000000aee57be8,0x00000000b1d00000)
 Metaspace       used 78879K, capacity 81906K, committed 82068K, reserved 1120256K
  class space    used 10152K, capacity 10866K, committed 10940K, reserved 1048576K
Event: 1284.331 GC heap after
Heap after GC invocations=21 (full 4):
 PSYoungGen      total 332800K, used 0K [0x00000000e0000000, 0x00000000faf00000, 0x0000000100000000)
  eden space 303104K, 0% used [0x00000000e0000000,0x00000000e0000000,0x00000000f2800000)
  from space 29696K, 0% used [0x00000000f2800000,0x00000000f2800000,0x00000000f4500000)
  to   space 33792K, 0% used [0x00000000f8e00000,0x00000000f8e00000,0x00000000faf00000)
 ParOldGen       total 418816K, used 220078K [0x00000000a0000000, 0x00000000b9900000, 0x00000000e0000000)
  object space 418816K, 52% used [0x00000000a0000000,0x00000000ad6eb8d0,0x00000000b9900000)
 Metaspace       used 78879K, capacity 81906K, committed 82068K, reserved 1120256K
  class space    used 10152K, capacity 10866K, committed 10940K, reserved 1048576K
}
Event: 1285.659 GC heap before
{Heap before GC invocations=22 (full 4):
 PSYoungGen      total 332800K, used 303012K [0x00000000e0000000, 0x00000000faf00000, 0x0000000100000000)
  eden space 303104K, 99% used [0x00000000e0000000,0x00000000f27e92f8,0x00000000f2800000)
  from space 29696K, 0% used [0x00000000f2800000,0x00000000f2800000,0x00000000f4500000)
  to   space 33792K, 0% used [0x00000000f8e00000,0x00000000f8e00000,0x00000000faf00000)
 ParOldGen       total 418816K, used 220078K [0x00000000a0000000, 0x00000000b9900000, 0x00000000e0000000)
  object space 418816K, 52% used [0x00000000a0000000,0x00000000ad6eb8d0,0x00000000b9900000)
 Metaspace       used 78938K, capacity 82036K, committed 82324K, reserved 1120256K
  class space    used 10165K, capacity 10907K, committed 10940K, reserved 1048576K
Event: 1285.691 GC heap after
Heap after GC invocations=22 (full 4):
 PSYoungGen      total 409088K, used 12982K [0x00000000e0000000, 0x00000000fb300000, 0x0000000100000000)
  eden space 375296K, 0% used [0x00000000e0000000,0x00000000e0000000,0x00000000f6e80000)
  from space 33792K, 38% used [0x00000000f8e00000,0x00000000f9aad8d0,0x00000000faf00000)
  to   space 32256K, 0% used [0x00000000f6e80000,0x00000000f6e80000,0x00000000f8e00000)
 ParOldGen       total 418816K, used 285622K [0x00000000a0000000, 0x00000000b9900000, 0x00000000e0000000)
  object space 418816K, 68% used [0x00000000a0000000,0x00000000b16ed8e0,0x00000000b9900000)
 Metaspace       used 78938K, capacity 82036K, committed 82324K, reserved 1120256K
  class space    used 10165K, capacity 10907K, committed 10940K, reserved 1048576K
}

